CRITICAL - 2023-09-12 11:18:53 --> Class "App\Models\UserloginModel" not found
in APPPATH\Controllers\SigninController.php on line 14.
 1 SYSTEMPATH\CodeIgniter.php(891): App\Controllers\SigninController->__construct()
 2 SYSTEMPATH\CodeIgniter.php(485): CodeIgniter\CodeIgniter->createController()
 3 SYSTEMPATH\CodeIgniter.php(353): CodeIgniter\CodeIgniter->handleRequest(null, Object(Config\Cache), false)
 4 FCPATH\index.php(79): CodeIgniter\CodeIgniter->run()
CRITICAL - 2023-09-12 11:20:17 --> Class "App\Models\UserloginModel" not found
in APPPATH\Controllers\SigninController.php on line 14.
 1 SYSTEMPATH\CodeIgniter.php(891): App\Controllers\SigninController->__construct()
 2 SYSTEMPATH\CodeIgniter.php(485): CodeIgniter\CodeIgniter->createController()
 3 SYSTEMPATH\CodeIgniter.php(353): CodeIgniter\CodeIgniter->handleRequest(null, Object(Config\Cache), false)
 4 FCPATH\index.php(79): CodeIgniter\CodeIgniter->run()
CRITICAL - 2023-09-12 11:20:19 --> Class "App\Models\UserloginModel" not found
in APPPATH\Controllers\SigninController.php on line 14.
 1 SYSTEMPATH\CodeIgniter.php(891): App\Controllers\SigninController->__construct()
 2 SYSTEMPATH\CodeIgniter.php(485): CodeIgniter\CodeIgniter->createController()
 3 SYSTEMPATH\CodeIgniter.php(353): CodeIgniter\CodeIgniter->handleRequest(null, Object(Config\Cache), false)
 4 FCPATH\index.php(79): CodeIgniter\CodeIgniter->run()
CRITICAL - 2023-09-12 11:20:19 --> Class "App\Models\UserloginModel" not found
in APPPATH\Controllers\SigninController.php on line 14.
 1 SYSTEMPATH\CodeIgniter.php(891): App\Controllers\SigninController->__construct()
 2 SYSTEMPATH\CodeIgniter.php(485): CodeIgniter\CodeIgniter->createController()
 3 SYSTEMPATH\CodeIgniter.php(353): CodeIgniter\CodeIgniter->handleRequest(null, Object(Config\Cache), false)
 4 FCPATH\index.php(79): CodeIgniter\CodeIgniter->run()
CRITICAL - 2023-09-12 11:20:19 --> Class "App\Models\UserloginModel" not found
in APPPATH\Controllers\SigninController.php on line 14.
 1 SYSTEMPATH\CodeIgniter.php(891): App\Controllers\SigninController->__construct()
 2 SYSTEMPATH\CodeIgniter.php(485): CodeIgniter\CodeIgniter->createController()
 3 SYSTEMPATH\CodeIgniter.php(353): CodeIgniter\CodeIgniter->handleRequest(null, Object(Config\Cache), false)
 4 FCPATH\index.php(79): CodeIgniter\CodeIgniter->run()
CRITICAL - 2023-09-12 11:21:18 --> Class "App\Models\UserloginModel" not found
in APPPATH\Controllers\SigninController.php on line 14.
 1 SYSTEMPATH\CodeIgniter.php(891): App\Controllers\SigninController->__construct()
 2 SYSTEMPATH\CodeIgniter.php(485): CodeIgniter\CodeIgniter->createController()
 3 SYSTEMPATH\CodeIgniter.php(353): CodeIgniter\CodeIgniter->handleRequest(null, Object(Config\Cache), false)
 4 FCPATH\index.php(79): CodeIgniter\CodeIgniter->run()
CRITICAL - 2023-09-12 11:22:31 --> Undefined property: App\Controllers\SigninController::$session
in APPPATH\Controllers\SigninController.php on line 60.
 1 APPPATH\Controllers\SigninController.php(60): CodeIgniter\Debug\Exceptions->errorHandler(2, 'Undefined property: App\\Controllers\\SigninController::$session', 'C:\\xampp\\htdocs\\greenhousewebapp\\app\\Controllers\\SigninController.php', 60)
 2 SYSTEMPATH\CodeIgniter.php(919): App\Controllers\SigninController->loginAuth()
 3 SYSTEMPATH\CodeIgniter.php(494): CodeIgniter\CodeIgniter->runController(Object(App\Controllers\SigninController))
 4 SYSTEMPATH\CodeIgniter.php(353): CodeIgniter\CodeIgniter->handleRequest(null, Object(Config\Cache), false)
 5 FCPATH\index.php(79): CodeIgniter\CodeIgniter->run()
CRITICAL - 2023-09-12 11:24:23 --> Undefined property: App\Controllers\SigninController::$session
in APPPATH\Controllers\SigninController.php on line 60.
 1 APPPATH\Controllers\SigninController.php(60): CodeIgniter\Debug\Exceptions->errorHandler(2, 'Undefined property: App\\Controllers\\SigninController::$session', 'C:\\xampp\\htdocs\\greenhousewebapp\\app\\Controllers\\SigninController.php', 60)
 2 SYSTEMPATH\CodeIgniter.php(919): App\Controllers\SigninController->loginAuth()
 3 SYSTEMPATH\CodeIgniter.php(494): CodeIgniter\CodeIgniter->runController(Object(App\Controllers\SigninController))
 4 SYSTEMPATH\CodeIgniter.php(353): CodeIgniter\CodeIgniter->handleRequest(null, Object(Config\Cache), false)
 5 FCPATH\index.php(79): CodeIgniter\CodeIgniter->run()
CRITICAL - 2023-09-12 11:24:45 --> Undefined property: App\Controllers\SigninController::$session
in APPPATH\Controllers\SigninController.php on line 60.
 1 APPPATH\Controllers\SigninController.php(60): CodeIgniter\Debug\Exceptions->errorHandler(2, 'Undefined property: App\\Controllers\\SigninController::$session', 'C:\\xampp\\htdocs\\greenhousewebapp\\app\\Controllers\\SigninController.php', 60)
 2 SYSTEMPATH\CodeIgniter.php(919): App\Controllers\SigninController->loginAuth()
 3 SYSTEMPATH\CodeIgniter.php(494): CodeIgniter\CodeIgniter->runController(Object(App\Controllers\SigninController))
 4 SYSTEMPATH\CodeIgniter.php(353): CodeIgniter\CodeIgniter->handleRequest(null, Object(Config\Cache), false)
 5 FCPATH\index.php(79): CodeIgniter\CodeIgniter->run()
CRITICAL - 2023-09-12 11:24:50 --> Undefined property: App\Controllers\SigninController::$session
in APPPATH\Controllers\SigninController.php on line 67.
 1 APPPATH\Controllers\SigninController.php(67): CodeIgniter\Debug\Exceptions->errorHandler(2, 'Undefined property: App\\Controllers\\SigninController::$session', 'C:\\xampp\\htdocs\\greenhousewebapp\\app\\Controllers\\SigninController.php', 67)
 2 SYSTEMPATH\CodeIgniter.php(919): App\Controllers\SigninController->loginAuth()
 3 SYSTEMPATH\CodeIgniter.php(494): CodeIgniter\CodeIgniter->runController(Object(App\Controllers\SigninController))
 4 SYSTEMPATH\CodeIgniter.php(353): CodeIgniter\CodeIgniter->handleRequest(null, Object(Config\Cache), false)
 5 FCPATH\index.php(79): CodeIgniter\CodeIgniter->run()
